<?xml version="1.0" encoding="UTF-8"?>
<testsuites>
  <testsuite name="" tests="38" assertions="61" errors="0" warnings="0" failures="0" skipped="0" time="0.045241">
    <testsuite name="Project Test Suite" tests="38" assertions="61" errors="0" warnings="0" failures="0" skipped="0" time="0.045241">
      <testsuite name="CardTest" file="/home/alexander/dbwebb-kurser/mvc/me/report/tests/CardGame/CardTest.php" tests="4" assertions="4" errors="0" warnings="0" failures="0" skipped="0" time="0.007064">
        <testcase name="testConstructor" class="CardTest" classname="CardTest" file="/home/alexander/dbwebb-kurser/mvc/me/report/tests/CardGame/CardTest.php" line="14" assertions="1" time="0.005896"/>
        <testcase name="testGetSuit" class="CardTest" classname="CardTest" file="/home/alexander/dbwebb-kurser/mvc/me/report/tests/CardGame/CardTest.php" line="23" assertions="1" time="0.000676"/>
        <testcase name="testGetValue" class="CardTest" classname="CardTest" file="/home/alexander/dbwebb-kurser/mvc/me/report/tests/CardGame/CardTest.php" line="32" assertions="1" time="0.000247"/>
        <testcase name="testToString" class="CardTest" classname="CardTest" file="/home/alexander/dbwebb-kurser/mvc/me/report/tests/CardGame/CardTest.php" line="41" assertions="1" time="0.000245"/>
      </testsuite>
      <testsuite name="DeckTest" file="/home/alexander/dbwebb-kurser/mvc/me/report/tests/CardGame/DeckTest.php" tests="6" assertions="9" errors="0" warnings="0" failures="0" skipped="0" time="0.014543">
        <testcase name="testCreateDeck" class="DeckTest" classname="DeckTest" file="/home/alexander/dbwebb-kurser/mvc/me/report/tests/CardGame/DeckTest.php" line="19" assertions="1" time="0.000813"/>
        <testcase name="testShuffle" class="DeckTest" classname="DeckTest" file="/home/alexander/dbwebb-kurser/mvc/me/report/tests/CardGame/DeckTest.php" line="30" assertions="1" time="0.008606"/>
        <testcase name="testDraw" class="DeckTest" classname="DeckTest" file="/home/alexander/dbwebb-kurser/mvc/me/report/tests/CardGame/DeckTest.php" line="43" assertions="2" time="0.001710"/>
        <testcase name="testGetRemainingCards" class="DeckTest" classname="DeckTest" file="/home/alexander/dbwebb-kurser/mvc/me/report/tests/CardGame/DeckTest.php" line="57" assertions="1" time="0.000407"/>
        <testcase name="testCount" class="DeckTest" classname="DeckTest" file="/home/alexander/dbwebb-kurser/mvc/me/report/tests/CardGame/DeckTest.php" line="69" assertions="1" time="0.000342"/>
        <testcase name="testGetSortedCards" class="DeckTest" classname="DeckTest" file="/home/alexander/dbwebb-kurser/mvc/me/report/tests/CardGame/DeckTest.php" line="80" assertions="3" time="0.002666"/>
      </testsuite>
      <testsuite name="GameTest" file="/home/alexander/dbwebb-kurser/mvc/me/report/tests/CardGame/GameTest.php" tests="6" assertions="17" errors="0" warnings="0" failures="0" skipped="0" time="0.006442">
        <testcase name="testCreateGame" class="GameTest" classname="GameTest" file="/home/alexander/dbwebb-kurser/mvc/me/report/tests/CardGame/GameTest.php" line="15" assertions="1" time="0.000999"/>
        <testcase name="testDrawCardForPlayer" class="GameTest" classname="GameTest" file="/home/alexander/dbwebb-kurser/mvc/me/report/tests/CardGame/GameTest.php" line="27" assertions="2" time="0.001613"/>
        <testcase name="testDrawCardForDealer" class="GameTest" classname="GameTest" file="/home/alexander/dbwebb-kurser/mvc/me/report/tests/CardGame/GameTest.php" line="56" assertions="2" time="0.000477"/>
        <testcase name="testDealerturn" class="GameTest" classname="GameTest" file="/home/alexander/dbwebb-kurser/mvc/me/report/tests/CardGame/GameTest.php" line="85" assertions="3" time="0.001464"/>
        <testcase name="testDetermineWinner" class="GameTest" classname="GameTest" file="/home/alexander/dbwebb-kurser/mvc/me/report/tests/CardGame/GameTest.php" line="102" assertions="3" time="0.001018"/>
        <testcase name="testResetGame" class="GameTest" classname="GameTest" file="/home/alexander/dbwebb-kurser/mvc/me/report/tests/CardGame/GameTest.php" line="145" assertions="6" time="0.000871"/>
      </testsuite>
      <testsuite name="App\Dice\DiceGraphicTest" file="/home/alexander/dbwebb-kurser/mvc/me/report/tests/Dice/DiceGraphicTest.php" tests="2" assertions="2" errors="0" warnings="0" failures="0" skipped="0" time="0.001502">
        <testcase name="testCreateDice" class="App\Dice\DiceGraphicTest" classname="App.Dice.DiceGraphicTest" file="/home/alexander/dbwebb-kurser/mvc/me/report/tests/Dice/DiceGraphicTest.php" line="17" assertions="1" time="0.000690"/>
        <testcase name="testGetAsString" class="App\Dice\DiceGraphicTest" classname="App.Dice.DiceGraphicTest" file="/home/alexander/dbwebb-kurser/mvc/me/report/tests/Dice/DiceGraphicTest.php" line="28" assertions="1" time="0.000812"/>
      </testsuite>
      <testsuite name="App\Dice\DiceHandTest" file="/home/alexander/dbwebb-kurser/mvc/me/report/tests/Dice/DiceHandTest.php" tests="4" assertions="7" errors="0" warnings="0" failures="0" skipped="0" time="0.001832">
        <testcase name="testAddDice" class="App\Dice\DiceHandTest" classname="App.Dice.DiceHandTest" file="/home/alexander/dbwebb-kurser/mvc/me/report/tests/Dice/DiceHandTest.php" line="13" assertions="1" time="0.000679"/>
        <testcase name="testRollDice" class="App\Dice\DiceHandTest" classname="App.Dice.DiceHandTest" file="/home/alexander/dbwebb-kurser/mvc/me/report/tests/Dice/DiceHandTest.php" line="25" assertions="2" time="0.000390"/>
        <testcase name="testGetNumberOfDices" class="App\Dice\DiceHandTest" classname="App.Dice.DiceHandTest" file="/home/alexander/dbwebb-kurser/mvc/me/report/tests/Dice/DiceHandTest.php" line="41" assertions="1" time="0.000281"/>
        <testcase name="testGetString" class="App\Dice\DiceHandTest" classname="App.Dice.DiceHandTest" file="/home/alexander/dbwebb-kurser/mvc/me/report/tests/Dice/DiceHandTest.php" line="55" assertions="3" time="0.000483"/>
      </testsuite>
      <testsuite name="App\Dice\DiceTest" file="/home/alexander/dbwebb-kurser/mvc/me/report/tests/Dice/DiceTest.php" tests="3" assertions="8" errors="0" warnings="0" failures="0" skipped="0" time="0.001318">
        <testcase name="testCreateDice" class="App\Dice\DiceTest" classname="App.Dice.DiceTest" file="/home/alexander/dbwebb-kurser/mvc/me/report/tests/Dice/DiceTest.php" line="17" assertions="2" time="0.000484"/>
        <testcase name="testRollDice" class="App\Dice\DiceTest" classname="App.Dice.DiceTest" file="/home/alexander/dbwebb-kurser/mvc/me/report/tests/Dice/DiceTest.php" line="30" assertions="5" time="0.000517"/>
        <testcase name="testGetValue" class="App\Dice\DiceTest" classname="App.Dice.DiceTest" file="/home/alexander/dbwebb-kurser/mvc/me/report/tests/Dice/DiceTest.php" line="46" assertions="1" time="0.000316"/>
      </testsuite>
      <testsuite name="blackJackCardTest" file="/home/alexander/dbwebb-kurser/mvc/me/report/tests/blackjack/blackJackCardTest.php" tests="3" assertions="4" errors="0" warnings="0" failures="0" skipped="0" time="0.001631">
        <testcase name="testCardCreation" class="blackJackCardTest" classname="blackJackCardTest" file="/home/alexander/dbwebb-kurser/mvc/me/report/tests/blackjack/blackJackCardTest.php" line="9" assertions="2" time="0.000744"/>
        <testcase name="testGetId" class="blackJackCardTest" classname="blackJackCardTest" file="/home/alexander/dbwebb-kurser/mvc/me/report/tests/blackjack/blackJackCardTest.php" line="19" assertions="1" time="0.000622"/>
        <testcase name="testGetRank" class="blackJackCardTest" classname="blackJackCardTest" file="/home/alexander/dbwebb-kurser/mvc/me/report/tests/blackjack/blackJackCardTest.php" line="28" assertions="1" time="0.000265"/>
      </testsuite>
      <testsuite name="blackJackHandTest" file="/home/alexander/dbwebb-kurser/mvc/me/report/tests/blackjack/blackJackHandTest.php" tests="4" assertions="4" errors="0" warnings="0" failures="0" skipped="0" time="0.008483">
        <testcase name="testHandCreation" class="blackJackHandTest" classname="blackJackHandTest" file="/home/alexander/dbwebb-kurser/mvc/me/report/tests/blackjack/blackJackHandTest.php" line="10" assertions="1" time="0.006769"/>
        <testcase name="testGetId" class="blackJackHandTest" classname="blackJackHandTest" file="/home/alexander/dbwebb-kurser/mvc/me/report/tests/blackjack/blackJackHandTest.php" line="16" assertions="1" time="0.000310"/>
        <testcase name="testGetPlayer" class="blackJackHandTest" classname="blackJackHandTest" file="/home/alexander/dbwebb-kurser/mvc/me/report/tests/blackjack/blackJackHandTest.php" line="21" assertions="1" time="0.000256"/>
        <testcase name="testSetPlayer" class="blackJackHandTest" classname="blackJackHandTest" file="/home/alexander/dbwebb-kurser/mvc/me/report/tests/blackjack/blackJackHandTest.php" line="26" assertions="1" time="0.001149"/>
      </testsuite>
      <testsuite name="BookTest" file="/home/alexander/dbwebb-kurser/mvc/me/report/tests/book/BookTest.php" tests="6" assertions="6" errors="0" warnings="0" failures="0" skipped="0" time="0.002426">
        <testcase name="testCreateBook" class="BookTest" classname="BookTest" file="/home/alexander/dbwebb-kurser/mvc/me/report/tests/book/BookTest.php" line="8" assertions="1" time="0.001096"/>
        <testcase name="testGetId" class="BookTest" classname="BookTest" file="/home/alexander/dbwebb-kurser/mvc/me/report/tests/book/BookTest.php" line="14" assertions="1" time="0.000287"/>
        <testcase name="testGetTitle" class="BookTest" classname="BookTest" file="/home/alexander/dbwebb-kurser/mvc/me/report/tests/book/BookTest.php" line="21" assertions="1" time="0.000286"/>
        <testcase name="testSetIsbn" class="BookTest" classname="BookTest" file="/home/alexander/dbwebb-kurser/mvc/me/report/tests/book/BookTest.php" line="28" assertions="1" time="0.000253"/>
        <testcase name="testSetAuthor" class="BookTest" classname="BookTest" file="/home/alexander/dbwebb-kurser/mvc/me/report/tests/book/BookTest.php" line="35" assertions="1" time="0.000250"/>
        <testcase name="testSetImageUrl" class="BookTest" classname="BookTest" file="/home/alexander/dbwebb-kurser/mvc/me/report/tests/book/BookTest.php" line="42" assertions="1" time="0.000255"/>
      </testsuite>
    </testsuite>
  </testsuite>
</testsuites>
