<?xml version="1.0" encoding="UTF-8"?>
<testsuites>
  <testsuite name="" tests="25" assertions="47" errors="0" warnings="0" failures="0" skipped="0" time="0.032817">
    <testsuite name="Project Test Suite" tests="25" assertions="47" errors="0" warnings="0" failures="0" skipped="0" time="0.032817">
      <testsuite name="CardTest" file="/home/alexander/dbwebb-kurser/mvc/me/report/tests/CardGame/CardTest.php" tests="4" assertions="4" errors="0" warnings="0" failures="0" skipped="0" time="0.008228">
        <testcase name="testConstructor" class="CardTest" classname="CardTest" file="/home/alexander/dbwebb-kurser/mvc/me/report/tests/CardGame/CardTest.php" line="14" assertions="1" time="0.006935"/>
        <testcase name="testGetSuit" class="CardTest" classname="CardTest" file="/home/alexander/dbwebb-kurser/mvc/me/report/tests/CardGame/CardTest.php" line="23" assertions="1" time="0.000793"/>
        <testcase name="testGetValue" class="CardTest" classname="CardTest" file="/home/alexander/dbwebb-kurser/mvc/me/report/tests/CardGame/CardTest.php" line="32" assertions="1" time="0.000254"/>
        <testcase name="testToString" class="CardTest" classname="CardTest" file="/home/alexander/dbwebb-kurser/mvc/me/report/tests/CardGame/CardTest.php" line="41" assertions="1" time="0.000246"/>
      </testsuite>
      <testsuite name="DeckTest" file="/home/alexander/dbwebb-kurser/mvc/me/report/tests/CardGame/DeckTest.php" tests="6" assertions="9" errors="0" warnings="0" failures="0" skipped="0" time="0.012753">
        <testcase name="testCreateDeck" class="DeckTest" classname="DeckTest" file="/home/alexander/dbwebb-kurser/mvc/me/report/tests/CardGame/DeckTest.php" line="19" assertions="1" time="0.000848"/>
        <testcase name="testShuffle" class="DeckTest" classname="DeckTest" file="/home/alexander/dbwebb-kurser/mvc/me/report/tests/CardGame/DeckTest.php" line="30" assertions="1" time="0.007743"/>
        <testcase name="testDraw" class="DeckTest" classname="DeckTest" file="/home/alexander/dbwebb-kurser/mvc/me/report/tests/CardGame/DeckTest.php" line="43" assertions="2" time="0.000906"/>
        <testcase name="testGetRemainingCards" class="DeckTest" classname="DeckTest" file="/home/alexander/dbwebb-kurser/mvc/me/report/tests/CardGame/DeckTest.php" line="57" assertions="1" time="0.000378"/>
        <testcase name="testCount" class="DeckTest" classname="DeckTest" file="/home/alexander/dbwebb-kurser/mvc/me/report/tests/CardGame/DeckTest.php" line="69" assertions="1" time="0.000345"/>
        <testcase name="testGetSortedCards" class="DeckTest" classname="DeckTest" file="/home/alexander/dbwebb-kurser/mvc/me/report/tests/CardGame/DeckTest.php" line="80" assertions="3" time="0.002534"/>
      </testsuite>
      <testsuite name="GameTest" file="/home/alexander/dbwebb-kurser/mvc/me/report/tests/CardGame/GameTest.php" tests="6" assertions="17" errors="0" warnings="0" failures="0" skipped="0" time="0.006788">
        <testcase name="testCreateGame" class="GameTest" classname="GameTest" file="/home/alexander/dbwebb-kurser/mvc/me/report/tests/CardGame/GameTest.php" line="15" assertions="1" time="0.001035"/>
        <testcase name="testDrawCardForPlayer" class="GameTest" classname="GameTest" file="/home/alexander/dbwebb-kurser/mvc/me/report/tests/CardGame/GameTest.php" line="27" assertions="2" time="0.001021"/>
        <testcase name="testDrawCardForDealer" class="GameTest" classname="GameTest" file="/home/alexander/dbwebb-kurser/mvc/me/report/tests/CardGame/GameTest.php" line="56" assertions="2" time="0.000435"/>
        <testcase name="testDealerturn" class="GameTest" classname="GameTest" file="/home/alexander/dbwebb-kurser/mvc/me/report/tests/CardGame/GameTest.php" line="85" assertions="3" time="0.001902"/>
        <testcase name="testDetermineWinner" class="GameTest" classname="GameTest" file="/home/alexander/dbwebb-kurser/mvc/me/report/tests/CardGame/GameTest.php" line="102" assertions="3" time="0.001449"/>
        <testcase name="testResetGame" class="GameTest" classname="GameTest" file="/home/alexander/dbwebb-kurser/mvc/me/report/tests/CardGame/GameTest.php" line="145" assertions="6" time="0.000946"/>
      </testsuite>
      <testsuite name="App\Dice\DiceGraphicTest" file="/home/alexander/dbwebb-kurser/mvc/me/report/tests/Dice/DiceGraphicTest.php" tests="2" assertions="2" errors="0" warnings="0" failures="0" skipped="0" time="0.002109">
        <testcase name="testCreateDice" class="App\Dice\DiceGraphicTest" classname="App.Dice.DiceGraphicTest" file="/home/alexander/dbwebb-kurser/mvc/me/report/tests/Dice/DiceGraphicTest.php" line="17" assertions="1" time="0.000733"/>
        <testcase name="testGetAsString" class="App\Dice\DiceGraphicTest" classname="App.Dice.DiceGraphicTest" file="/home/alexander/dbwebb-kurser/mvc/me/report/tests/Dice/DiceGraphicTest.php" line="28" assertions="1" time="0.001376"/>
      </testsuite>
      <testsuite name="App\Dice\DiceHandTest" file="/home/alexander/dbwebb-kurser/mvc/me/report/tests/Dice/DiceHandTest.php" tests="4" assertions="7" errors="0" warnings="0" failures="0" skipped="0" time="0.001819">
        <testcase name="testAddDice" class="App\Dice\DiceHandTest" classname="App.Dice.DiceHandTest" file="/home/alexander/dbwebb-kurser/mvc/me/report/tests/Dice/DiceHandTest.php" line="13" assertions="1" time="0.000796"/>
        <testcase name="testRollDice" class="App\Dice\DiceHandTest" classname="App.Dice.DiceHandTest" file="/home/alexander/dbwebb-kurser/mvc/me/report/tests/Dice/DiceHandTest.php" line="25" assertions="2" time="0.000327"/>
        <testcase name="testGetNumberOfDices" class="App\Dice\DiceHandTest" classname="App.Dice.DiceHandTest" file="/home/alexander/dbwebb-kurser/mvc/me/report/tests/Dice/DiceHandTest.php" line="41" assertions="1" time="0.000274"/>
        <testcase name="testGetString" class="App\Dice\DiceHandTest" classname="App.Dice.DiceHandTest" file="/home/alexander/dbwebb-kurser/mvc/me/report/tests/Dice/DiceHandTest.php" line="55" assertions="3" time="0.000422"/>
      </testsuite>
      <testsuite name="App\Dice\DiceTest" file="/home/alexander/dbwebb-kurser/mvc/me/report/tests/Dice/DiceTest.php" tests="3" assertions="8" errors="0" warnings="0" failures="0" skipped="0" time="0.001120">
        <testcase name="testCreateDice" class="App\Dice\DiceTest" classname="App.Dice.DiceTest" file="/home/alexander/dbwebb-kurser/mvc/me/report/tests/Dice/DiceTest.php" line="17" assertions="2" time="0.000334"/>
        <testcase name="testRollDice" class="App\Dice\DiceTest" classname="App.Dice.DiceTest" file="/home/alexander/dbwebb-kurser/mvc/me/report/tests/Dice/DiceTest.php" line="30" assertions="5" time="0.000475"/>
        <testcase name="testGetValue" class="App\Dice\DiceTest" classname="App.Dice.DiceTest" file="/home/alexander/dbwebb-kurser/mvc/me/report/tests/Dice/DiceTest.php" line="46" assertions="1" time="0.000311"/>
      </testsuite>
    </testsuite>
  </testsuite>
</testsuites>
