<?xml version="1.0" encoding="UTF-8"?>
<testsuites>
  <testsuite name="" tests="38" assertions="61" errors="0" warnings="0" failures="0" skipped="0" time="0.042312">
    <testsuite name="Project Test Suite" tests="38" assertions="61" errors="0" warnings="0" failures="0" skipped="0" time="0.042312">
      <testsuite name="CardTest" file="/home/alexander/dbwebb-kurser/mvc/me/report/tests/CardGame/CardTest.php" tests="4" assertions="4" errors="0" warnings="0" failures="0" skipped="0" time="0.007498">
        <testcase name="testConstructor" class="CardTest" classname="CardTest" file="/home/alexander/dbwebb-kurser/mvc/me/report/tests/CardGame/CardTest.php" line="14" assertions="1" time="0.006251"/>
        <testcase name="testGetSuit" class="CardTest" classname="CardTest" file="/home/alexander/dbwebb-kurser/mvc/me/report/tests/CardGame/CardTest.php" line="23" assertions="1" time="0.000664"/>
        <testcase name="testGetValue" class="CardTest" classname="CardTest" file="/home/alexander/dbwebb-kurser/mvc/me/report/tests/CardGame/CardTest.php" line="32" assertions="1" time="0.000267"/>
        <testcase name="testToString" class="CardTest" classname="CardTest" file="/home/alexander/dbwebb-kurser/mvc/me/report/tests/CardGame/CardTest.php" line="41" assertions="1" time="0.000315"/>
      </testsuite>
      <testsuite name="DeckTest" file="/home/alexander/dbwebb-kurser/mvc/me/report/tests/CardGame/DeckTest.php" tests="6" assertions="9" errors="0" warnings="0" failures="0" skipped="0" time="0.012727">
        <testcase name="testCreateDeck" class="DeckTest" classname="DeckTest" file="/home/alexander/dbwebb-kurser/mvc/me/report/tests/CardGame/DeckTest.php" line="19" assertions="1" time="0.000858"/>
        <testcase name="testShuffle" class="DeckTest" classname="DeckTest" file="/home/alexander/dbwebb-kurser/mvc/me/report/tests/CardGame/DeckTest.php" line="30" assertions="1" time="0.006826"/>
        <testcase name="testDraw" class="DeckTest" classname="DeckTest" file="/home/alexander/dbwebb-kurser/mvc/me/report/tests/CardGame/DeckTest.php" line="43" assertions="2" time="0.000784"/>
        <testcase name="testGetRemainingCards" class="DeckTest" classname="DeckTest" file="/home/alexander/dbwebb-kurser/mvc/me/report/tests/CardGame/DeckTest.php" line="57" assertions="1" time="0.000367"/>
        <testcase name="testCount" class="DeckTest" classname="DeckTest" file="/home/alexander/dbwebb-kurser/mvc/me/report/tests/CardGame/DeckTest.php" line="69" assertions="1" time="0.000476"/>
        <testcase name="testGetSortedCards" class="DeckTest" classname="DeckTest" file="/home/alexander/dbwebb-kurser/mvc/me/report/tests/CardGame/DeckTest.php" line="80" assertions="3" time="0.003416"/>
      </testsuite>
      <testsuite name="GameTest" file="/home/alexander/dbwebb-kurser/mvc/me/report/tests/CardGame/GameTest.php" tests="6" assertions="17" errors="0" warnings="0" failures="0" skipped="0" time="0.005983">
        <testcase name="testCreateGame" class="GameTest" classname="GameTest" file="/home/alexander/dbwebb-kurser/mvc/me/report/tests/CardGame/GameTest.php" line="15" assertions="1" time="0.001186"/>
        <testcase name="testDrawCardForPlayer" class="GameTest" classname="GameTest" file="/home/alexander/dbwebb-kurser/mvc/me/report/tests/CardGame/GameTest.php" line="27" assertions="2" time="0.001006"/>
        <testcase name="testDrawCardForDealer" class="GameTest" classname="GameTest" file="/home/alexander/dbwebb-kurser/mvc/me/report/tests/CardGame/GameTest.php" line="56" assertions="2" time="0.000460"/>
        <testcase name="testDealerturn" class="GameTest" classname="GameTest" file="/home/alexander/dbwebb-kurser/mvc/me/report/tests/CardGame/GameTest.php" line="85" assertions="3" time="0.001553"/>
        <testcase name="testDetermineWinner" class="GameTest" classname="GameTest" file="/home/alexander/dbwebb-kurser/mvc/me/report/tests/CardGame/GameTest.php" line="102" assertions="3" time="0.000916"/>
        <testcase name="testResetGame" class="GameTest" classname="GameTest" file="/home/alexander/dbwebb-kurser/mvc/me/report/tests/CardGame/GameTest.php" line="145" assertions="6" time="0.000862"/>
      </testsuite>
      <testsuite name="App\Dice\DiceGraphicTest" file="/home/alexander/dbwebb-kurser/mvc/me/report/tests/Dice/DiceGraphicTest.php" tests="2" assertions="2" errors="0" warnings="0" failures="0" skipped="0" time="0.001708">
        <testcase name="testCreateDice" class="App\Dice\DiceGraphicTest" classname="App.Dice.DiceGraphicTest" file="/home/alexander/dbwebb-kurser/mvc/me/report/tests/Dice/DiceGraphicTest.php" line="17" assertions="1" time="0.000654"/>
        <testcase name="testGetAsString" class="App\Dice\DiceGraphicTest" classname="App.Dice.DiceGraphicTest" file="/home/alexander/dbwebb-kurser/mvc/me/report/tests/Dice/DiceGraphicTest.php" line="28" assertions="1" time="0.001054"/>
      </testsuite>
      <testsuite name="App\Dice\DiceHandTest" file="/home/alexander/dbwebb-kurser/mvc/me/report/tests/Dice/DiceHandTest.php" tests="4" assertions="7" errors="0" warnings="0" failures="0" skipped="0" time="0.001859">
        <testcase name="testAddDice" class="App\Dice\DiceHandTest" classname="App.Dice.DiceHandTest" file="/home/alexander/dbwebb-kurser/mvc/me/report/tests/Dice/DiceHandTest.php" line="13" assertions="1" time="0.000948"/>
        <testcase name="testRollDice" class="App\Dice\DiceHandTest" classname="App.Dice.DiceHandTest" file="/home/alexander/dbwebb-kurser/mvc/me/report/tests/Dice/DiceHandTest.php" line="25" assertions="2" time="0.000337"/>
        <testcase name="testGetNumberOfDices" class="App\Dice\DiceHandTest" classname="App.Dice.DiceHandTest" file="/home/alexander/dbwebb-kurser/mvc/me/report/tests/Dice/DiceHandTest.php" line="41" assertions="1" time="0.000272"/>
        <testcase name="testGetString" class="App\Dice\DiceHandTest" classname="App.Dice.DiceHandTest" file="/home/alexander/dbwebb-kurser/mvc/me/report/tests/Dice/DiceHandTest.php" line="55" assertions="3" time="0.000302"/>
      </testsuite>
      <testsuite name="App\Dice\DiceTest" file="/home/alexander/dbwebb-kurser/mvc/me/report/tests/Dice/DiceTest.php" tests="3" assertions="8" errors="0" warnings="0" failures="0" skipped="0" time="0.001149">
        <testcase name="testCreateDice" class="App\Dice\DiceTest" classname="App.Dice.DiceTest" file="/home/alexander/dbwebb-kurser/mvc/me/report/tests/Dice/DiceTest.php" line="17" assertions="2" time="0.000333"/>
        <testcase name="testRollDice" class="App\Dice\DiceTest" classname="App.Dice.DiceTest" file="/home/alexander/dbwebb-kurser/mvc/me/report/tests/Dice/DiceTest.php" line="30" assertions="5" time="0.000483"/>
        <testcase name="testGetValue" class="App\Dice\DiceTest" classname="App.Dice.DiceTest" file="/home/alexander/dbwebb-kurser/mvc/me/report/tests/Dice/DiceTest.php" line="46" assertions="1" time="0.000334"/>
      </testsuite>
      <testsuite name="blackJackCardTest" file="/home/alexander/dbwebb-kurser/mvc/me/report/tests/blackjack/blackJackCardTest.php" tests="3" assertions="4" errors="0" warnings="0" failures="0" skipped="0" time="0.001963">
        <testcase name="testCardCreation" class="blackJackCardTest" classname="blackJackCardTest" file="/home/alexander/dbwebb-kurser/mvc/me/report/tests/blackjack/blackJackCardTest.php" line="9" assertions="2" time="0.001035"/>
        <testcase name="testGetId" class="blackJackCardTest" classname="blackJackCardTest" file="/home/alexander/dbwebb-kurser/mvc/me/report/tests/blackjack/blackJackCardTest.php" line="19" assertions="1" time="0.000665"/>
        <testcase name="testGetRank" class="blackJackCardTest" classname="blackJackCardTest" file="/home/alexander/dbwebb-kurser/mvc/me/report/tests/blackjack/blackJackCardTest.php" line="28" assertions="1" time="0.000262"/>
      </testsuite>
      <testsuite name="blackJackHandTest" file="/home/alexander/dbwebb-kurser/mvc/me/report/tests/blackjack/blackJackHandTest.php" tests="4" assertions="4" errors="0" warnings="0" failures="0" skipped="0" time="0.007162">
        <testcase name="testHandCreation" class="blackJackHandTest" classname="blackJackHandTest" file="/home/alexander/dbwebb-kurser/mvc/me/report/tests/blackjack/blackJackHandTest.php" line="10" assertions="1" time="0.005773"/>
        <testcase name="testGetId" class="blackJackHandTest" classname="blackJackHandTest" file="/home/alexander/dbwebb-kurser/mvc/me/report/tests/blackjack/blackJackHandTest.php" line="16" assertions="1" time="0.000295"/>
        <testcase name="testGetPlayer" class="blackJackHandTest" classname="blackJackHandTest" file="/home/alexander/dbwebb-kurser/mvc/me/report/tests/blackjack/blackJackHandTest.php" line="21" assertions="1" time="0.000256"/>
        <testcase name="testSetPlayer" class="blackJackHandTest" classname="blackJackHandTest" file="/home/alexander/dbwebb-kurser/mvc/me/report/tests/blackjack/blackJackHandTest.php" line="26" assertions="1" time="0.000838"/>
      </testsuite>
      <testsuite name="BookTest" file="/home/alexander/dbwebb-kurser/mvc/me/report/tests/book/BookTest.php" tests="6" assertions="6" errors="0" warnings="0" failures="0" skipped="0" time="0.002263">
        <testcase name="testCreateBook" class="BookTest" classname="BookTest" file="/home/alexander/dbwebb-kurser/mvc/me/report/tests/book/BookTest.php" line="8" assertions="1" time="0.000649"/>
        <testcase name="testGetId" class="BookTest" classname="BookTest" file="/home/alexander/dbwebb-kurser/mvc/me/report/tests/book/BookTest.php" line="14" assertions="1" time="0.000276"/>
        <testcase name="testGetTitle" class="BookTest" classname="BookTest" file="/home/alexander/dbwebb-kurser/mvc/me/report/tests/book/BookTest.php" line="21" assertions="1" time="0.000346"/>
        <testcase name="testSetIsbn" class="BookTest" classname="BookTest" file="/home/alexander/dbwebb-kurser/mvc/me/report/tests/book/BookTest.php" line="28" assertions="1" time="0.000426"/>
        <testcase name="testSetAuthor" class="BookTest" classname="BookTest" file="/home/alexander/dbwebb-kurser/mvc/me/report/tests/book/BookTest.php" line="35" assertions="1" time="0.000271"/>
        <testcase name="testSetImageUrl" class="BookTest" classname="BookTest" file="/home/alexander/dbwebb-kurser/mvc/me/report/tests/book/BookTest.php" line="42" assertions="1" time="0.000296"/>
      </testsuite>
    </testsuite>
  </testsuite>
</testsuites>
